Start testing: Jul 16 16:11 MSK
----------------------------------------------------------
1/1 Testing: ExampleTests
1/1 Test: ExampleTests
Command: "/home/stepanvar/Documents/clean_prog/CPP/google_test_test/build/test/ExampleTests"
Directory: /home/stepanvar/Documents/clean_prog/CPP/google_test_test/build/test
"ExampleTests" start time: Jul 16 16:11 MSK
Output:
----------------------------------------------------------
Running main() from /home/stepanvar/Documents/clean_prog/CPP/google_test_test/googletest/googletest/src/gtest_main.cc
[==========] Running 1 test from 1 test suite.
[----------] Global test environment set-up.
[----------] 1 test from test
[ RUN      ] test.testm
[       OK ] test.testm (0 ms)
[----------] 1 test from test (0 ms total)

[----------] Global test environment tear-down
[==========] 1 test from 1 test suite ran. (0 ms total)
[  PASSED  ] 1 test.
<end of output>
Test time =   0.00 sec
----------------------------------------------------------
Test Passed.
"ExampleTests" end time: Jul 16 16:11 MSK
"ExampleTests" time elapsed: 00:00:00
----------------------------------------------------------

End testing: Jul 16 16:11 MSK
