make --dry-run --always-make --keep-going --print-directory
make: Entering directory '/home/stepanvar/Documents/clean_prog/CPP/google_test_test'
/usr/bin/cmake -S/home/stepanvar/Documents/clean_prog/CPP/google_test_test -B/home/stepanvar/Documents/clean_prog/CPP/google_test_test --check-build-system CMakeFiles/Makefile.cmake 0
/usr/bin/cmake -E cmake_progress_start /home/stepanvar/Documents/clean_prog/CPP/google_test_test/CMakeFiles /home/stepanvar/Documents/clean_prog/CPP/google_test_test//CMakeFiles/progress.marks
make -s -f CMakeFiles/Makefile2 all
make[1]: Entering directory '/home/stepanvar/Documents/clean_prog/CPP/google_test_test'
make -s -f CMakeFiles/Example.dir/build.make CMakeFiles/Example.dir/depend
make[2]: Entering directory '/home/stepanvar/Documents/clean_prog/CPP/google_test_test'
cd /home/stepanvar/Documents/clean_prog/CPP/google_test_test && /usr/bin/cmake -E cmake_depends "Unix Makefiles" /home/stepanvar/Documents/clean_prog/CPP/google_test_test /home/stepanvar/Documents/clean_prog/CPP/google_test_test /home/stepanvar/Documents/clean_prog/CPP/google_test_test /home/stepanvar/Documents/clean_prog/CPP/google_test_test /home/stepanvar/Documents/clean_prog/CPP/google_test_test/CMakeFiles/Example.dir/DependInfo.cmake --color=
make[2]: Leaving directory '/home/stepanvar/Documents/clean_prog/CPP/google_test_test'
make -s -f CMakeFiles/Example.dir/build.make CMakeFiles/Example.dir/build
make[2]: Entering directory '/home/stepanvar/Documents/clean_prog/CPP/google_test_test'
/usr/bin/cmake -E cmake_echo_color --switch= --green --progress-dir=/home/stepanvar/Documents/clean_prog/CPP/google_test_test/CMakeFiles --progress-num=1 "Building CXX object CMakeFiles/Example.dir/Example.cpp.o"
/usr/bin/c++   -std=gnu++11 -MD -MT CMakeFiles/Example.dir/Example.cpp.o -MF CMakeFiles/Example.dir/Example.cpp.o.d -o CMakeFiles/Example.dir/Example.cpp.o -c /home/stepanvar/Documents/clean_prog/CPP/google_test_test/Example.cpp
/usr/bin/cmake -E cmake_echo_color --switch= --green --bold --progress-dir=/home/stepanvar/Documents/clean_prog/CPP/google_test_test/CMakeFiles --progress-num=2 "Linking CXX static library libExample.a"
/usr/bin/cmake -P CMakeFiles/Example.dir/cmake_clean_target.cmake
/usr/bin/cmake -E cmake_link_script CMakeFiles/Example.dir/link.txt --verbose=
make[2]: Leaving directory '/home/stepanvar/Documents/clean_prog/CPP/google_test_test'
/usr/bin/cmake -E cmake_echo_color --switch= --progress-dir=/home/stepanvar/Documents/clean_prog/CPP/google_test_test/CMakeFiles --progress-num=1,2 "Built target Example"
make -s -f googletest/googletest/CMakeFiles/gtest.dir/build.make googletest/googletest/CMakeFiles/gtest.dir/depend
make[2]: Entering directory '/home/stepanvar/Documents/clean_prog/CPP/google_test_test'
cd /home/stepanvar/Documents/clean_prog/CPP/google_test_test && /usr/bin/cmake -E cmake_depends "Unix Makefiles" /home/stepanvar/Documents/clean_prog/CPP/google_test_test /home/stepanvar/Documents/clean_prog/CPP/google_test_test/googletest/googletest /home/stepanvar/Documents/clean_prog/CPP/google_test_test /home/stepanvar/Documents/clean_prog/CPP/google_test_test/googletest/googletest /home/stepanvar/Documents/clean_prog/CPP/google_test_test/googletest/googletest/CMakeFiles/gtest.dir/DependInfo.cmake --color=
make[2]: Leaving directory '/home/stepanvar/Documents/clean_prog/CPP/google_test_test'
make -s -f googletest/googletest/CMakeFiles/gtest.dir/build.make googletest/googletest/CMakeFiles/gtest.dir/build
make[2]: Entering directory '/home/stepanvar/Documents/clean_prog/CPP/google_test_test'
/usr/bin/cmake -E cmake_echo_color --switch= --green --progress-dir=/home/stepanvar/Documents/clean_prog/CPP/google_test_test/CMakeFiles --progress-num=9 "Building CXX object googletest/googletest/CMakeFiles/gtest.dir/src/gtest-all.cc.o"
cd /home/stepanvar/Documents/clean_prog/CPP/google_test_test/googletest/googletest && /usr/bin/c++  -I/home/stepanvar/Documents/clean_prog/CPP/google_test_test/googletest/googletest/include -I/home/stepanvar/Documents/clean_prog/CPP/google_test_test/googletest/googletest -Wall -Wshadow -Wno-error=dangling-else -DGTEST_HAS_PTHREAD=1 -fexceptions -Wextra -Wno-unused-parameter -Wno-missing-field-initializers -std=c++14 -MD -MT googletest/googletest/CMakeFiles/gtest.dir/src/gtest-all.cc.o -MF CMakeFiles/gtest.dir/src/gtest-all.cc.o.d -o CMakeFiles/gtest.dir/src/gtest-all.cc.o -c /home/stepanvar/Documents/clean_prog/CPP/google_test_test/googletest/googletest/src/gtest-all.cc
/usr/bin/cmake -E cmake_echo_color --switch= --green --bold --progress-dir=/home/stepanvar/Documents/clean_prog/CPP/google_test_test/CMakeFiles --progress-num=10 "Linking CXX static library ../../lib/libgtest.a"
cd /home/stepanvar/Documents/clean_prog/CPP/google_test_test/googletest/googletest && /usr/bin/cmake -P CMakeFiles/gtest.dir/cmake_clean_target.cmake
cd /home/stepanvar/Documents/clean_prog/CPP/google_test_test/googletest/googletest && /usr/bin/cmake -E cmake_link_script CMakeFiles/gtest.dir/link.txt --verbose=
make[2]: Leaving directory '/home/stepanvar/Documents/clean_prog/CPP/google_test_test'
/usr/bin/cmake -E cmake_echo_color --switch= --progress-dir=/home/stepanvar/Documents/clean_prog/CPP/google_test_test/CMakeFiles --progress-num=9,10 "Built target gtest"
make -s -f googletest/googlemock/CMakeFiles/gmock.dir/build.make googletest/googlemock/CMakeFiles/gmock.dir/depend
make[2]: Entering directory '/home/stepanvar/Documents/clean_prog/CPP/google_test_test'
cd /home/stepanvar/Documents/clean_prog/CPP/google_test_test && /usr/bin/cmake -E cmake_depends "Unix Makefiles" /home/stepanvar/Documents/clean_prog/CPP/google_test_test /home/stepanvar/Documents/clean_prog/CPP/google_test_test/googletest/googlemock /home/stepanvar/Documents/clean_prog/CPP/google_test_test /home/stepanvar/Documents/clean_prog/CPP/google_test_test/googletest/googlemock /home/stepanvar/Documents/clean_prog/CPP/google_test_test/googletest/googlemock/CMakeFiles/gmock.dir/DependInfo.cmake --color=
make[2]: Leaving directory '/home/stepanvar/Documents/clean_prog/CPP/google_test_test'
make -s -f googletest/googlemock/CMakeFiles/gmock.dir/build.make googletest/googlemock/CMakeFiles/gmock.dir/build
make[2]: Entering directory '/home/stepanvar/Documents/clean_prog/CPP/google_test_test'
/usr/bin/cmake -E cmake_echo_color --switch= --green --progress-dir=/home/stepanvar/Documents/clean_prog/CPP/google_test_test/CMakeFiles --progress-num=5 "Building CXX object googletest/googlemock/CMakeFiles/gmock.dir/src/gmock-all.cc.o"
cd /home/stepanvar/Documents/clean_prog/CPP/google_test_test/googletest/googlemock && /usr/bin/c++  -I/home/stepanvar/Documents/clean_prog/CPP/google_test_test/googletest/googlemock/include -I/home/stepanvar/Documents/clean_prog/CPP/google_test_test/googletest/googlemock -isystem /home/stepanvar/Documents/clean_prog/CPP/google_test_test/googletest/googletest/include -isystem /home/stepanvar/Documents/clean_prog/CPP/google_test_test/googletest/googletest -Wall -Wshadow -Wno-error=dangling-else -DGTEST_HAS_PTHREAD=1 -fexceptions -Wextra -Wno-unused-parameter -Wno-missing-field-initializers -std=c++14 -MD -MT googletest/googlemock/CMakeFiles/gmock.dir/src/gmock-all.cc.o -MF CMakeFiles/gmock.dir/src/gmock-all.cc.o.d -o CMakeFiles/gmock.dir/src/gmock-all.cc.o -c /home/stepanvar/Documents/clean_prog/CPP/google_test_test/googletest/googlemock/src/gmock-all.cc
/usr/bin/cmake -E cmake_echo_color --switch= --green --bold --progress-dir=/home/stepanvar/Documents/clean_prog/CPP/google_test_test/CMakeFiles --progress-num=6 "Linking CXX static library ../../lib/libgmock.a"
cd /home/stepanvar/Documents/clean_prog/CPP/google_test_test/googletest/googlemock && /usr/bin/cmake -P CMakeFiles/gmock.dir/cmake_clean_target.cmake
cd /home/stepanvar/Documents/clean_prog/CPP/google_test_test/googletest/googlemock && /usr/bin/cmake -E cmake_link_script CMakeFiles/gmock.dir/link.txt --verbose=
make[2]: Leaving directory '/home/stepanvar/Documents/clean_prog/CPP/google_test_test'
/usr/bin/cmake -E cmake_echo_color --switch= --progress-dir=/home/stepanvar/Documents/clean_prog/CPP/google_test_test/CMakeFiles --progress-num=5,6 "Built target gmock"
make -s -f googletest/googlemock/CMakeFiles/gmock_main.dir/build.make googletest/googlemock/CMakeFiles/gmock_main.dir/depend
make[2]: Entering directory '/home/stepanvar/Documents/clean_prog/CPP/google_test_test'
cd /home/stepanvar/Documents/clean_prog/CPP/google_test_test && /usr/bin/cmake -E cmake_depends "Unix Makefiles" /home/stepanvar/Documents/clean_prog/CPP/google_test_test /home/stepanvar/Documents/clean_prog/CPP/google_test_test/googletest/googlemock /home/stepanvar/Documents/clean_prog/CPP/google_test_test /home/stepanvar/Documents/clean_prog/CPP/google_test_test/googletest/googlemock /home/stepanvar/Documents/clean_prog/CPP/google_test_test/googletest/googlemock/CMakeFiles/gmock_main.dir/DependInfo.cmake --color=
make[2]: Leaving directory '/home/stepanvar/Documents/clean_prog/CPP/google_test_test'
make -s -f googletest/googlemock/CMakeFiles/gmock_main.dir/build.make googletest/googlemock/CMakeFiles/gmock_main.dir/build
make[2]: Entering directory '/home/stepanvar/Documents/clean_prog/CPP/google_test_test'
/usr/bin/cmake -E cmake_echo_color --switch= --green --progress-dir=/home/stepanvar/Documents/clean_prog/CPP/google_test_test/CMakeFiles --progress-num=7 "Building CXX object googletest/googlemock/CMakeFiles/gmock_main.dir/src/gmock_main.cc.o"
cd /home/stepanvar/Documents/clean_prog/CPP/google_test_test/googletest/googlemock && /usr/bin/c++  -isystem /home/stepanvar/Documents/clean_prog/CPP/google_test_test/googletest/googlemock/include -isystem /home/stepanvar/Documents/clean_prog/CPP/google_test_test/googletest/googlemock -isystem /home/stepanvar/Documents/clean_prog/CPP/google_test_test/googletest/googletest/include -isystem /home/stepanvar/Documents/clean_prog/CPP/google_test_test/googletest/googletest -Wall -Wshadow -Wno-error=dangling-else -DGTEST_HAS_PTHREAD=1 -fexceptions -Wextra -Wno-unused-parameter -Wno-missing-field-initializers -std=c++14 -MD -MT googletest/googlemock/CMakeFiles/gmock_main.dir/src/gmock_main.cc.o -MF CMakeFiles/gmock_main.dir/src/gmock_main.cc.o.d -o CMakeFiles/gmock_main.dir/src/gmock_main.cc.o -c /home/stepanvar/Documents/clean_prog/CPP/google_test_test/googletest/googlemock/src/gmock_main.cc
/usr/bin/cmake -E cmake_echo_color --switch= --green --bold --progress-dir=/home/stepanvar/Documents/clean_prog/CPP/google_test_test/CMakeFiles --progress-num=8 "Linking CXX static library ../../lib/libgmock_main.a"
cd /home/stepanvar/Documents/clean_prog/CPP/google_test_test/googletest/googlemock && /usr/bin/cmake -P CMakeFiles/gmock_main.dir/cmake_clean_target.cmake
cd /home/stepanvar/Documents/clean_prog/CPP/google_test_test/googletest/googlemock && /usr/bin/cmake -E cmake_link_script CMakeFiles/gmock_main.dir/link.txt --verbose=
make[2]: Leaving directory '/home/stepanvar/Documents/clean_prog/CPP/google_test_test'
/usr/bin/cmake -E cmake_echo_color --switch= --progress-dir=/home/stepanvar/Documents/clean_prog/CPP/google_test_test/CMakeFiles --progress-num=7,8 "Built target gmock_main"
make -s -f googletest/googletest/CMakeFiles/gtest_main.dir/build.make googletest/googletest/CMakeFiles/gtest_main.dir/depend
make[2]: Entering directory '/home/stepanvar/Documents/clean_prog/CPP/google_test_test'
cd /home/stepanvar/Documents/clean_prog/CPP/google_test_test && /usr/bin/cmake -E cmake_depends "Unix Makefiles" /home/stepanvar/Documents/clean_prog/CPP/google_test_test /home/stepanvar/Documents/clean_prog/CPP/google_test_test/googletest/googletest /home/stepanvar/Documents/clean_prog/CPP/google_test_test /home/stepanvar/Documents/clean_prog/CPP/google_test_test/googletest/googletest /home/stepanvar/Documents/clean_prog/CPP/google_test_test/googletest/googletest/CMakeFiles/gtest_main.dir/DependInfo.cmake --color=
make[2]: Leaving directory '/home/stepanvar/Documents/clean_prog/CPP/google_test_test'
make -s -f googletest/googletest/CMakeFiles/gtest_main.dir/build.make googletest/googletest/CMakeFiles/gtest_main.dir/build
make[2]: Entering directory '/home/stepanvar/Documents/clean_prog/CPP/google_test_test'
/usr/bin/cmake -E cmake_echo_color --switch= --green --progress-dir=/home/stepanvar/Documents/clean_prog/CPP/google_test_test/CMakeFiles --progress-num=11 "Building CXX object googletest/googletest/CMakeFiles/gtest_main.dir/src/gtest_main.cc.o"
cd /home/stepanvar/Documents/clean_prog/CPP/google_test_test/googletest/googletest && /usr/bin/c++  -isystem /home/stepanvar/Documents/clean_prog/CPP/google_test_test/googletest/googletest/include -isystem /home/stepanvar/Documents/clean_prog/CPP/google_test_test/googletest/googletest -Wall -Wshadow -Wno-error=dangling-else -DGTEST_HAS_PTHREAD=1 -fexceptions -Wextra -Wno-unused-parameter -Wno-missing-field-initializers -std=c++14 -MD -MT googletest/googletest/CMakeFiles/gtest_main.dir/src/gtest_main.cc.o -MF CMakeFiles/gtest_main.dir/src/gtest_main.cc.o.d -o CMakeFiles/gtest_main.dir/src/gtest_main.cc.o -c /home/stepanvar/Documents/clean_prog/CPP/google_test_test/googletest/googletest/src/gtest_main.cc
/usr/bin/cmake -E cmake_echo_color --switch= --green --bold --progress-dir=/home/stepanvar/Documents/clean_prog/CPP/google_test_test/CMakeFiles --progress-num=12 "Linking CXX static library ../../lib/libgtest_main.a"
cd /home/stepanvar/Documents/clean_prog/CPP/google_test_test/googletest/googletest && /usr/bin/cmake -P CMakeFiles/gtest_main.dir/cmake_clean_target.cmake
cd /home/stepanvar/Documents/clean_prog/CPP/google_test_test/googletest/googletest && /usr/bin/cmake -E cmake_link_script CMakeFiles/gtest_main.dir/link.txt --verbose=
make[2]: Leaving directory '/home/stepanvar/Documents/clean_prog/CPP/google_test_test'
/usr/bin/cmake -E cmake_echo_color --switch= --progress-dir=/home/stepanvar/Documents/clean_prog/CPP/google_test_test/CMakeFiles --progress-num=11,12 "Built target gtest_main"
make -s -f test/CMakeFiles/ExampleTests.dir/build.make test/CMakeFiles/ExampleTests.dir/depend
make[2]: Entering directory '/home/stepanvar/Documents/clean_prog/CPP/google_test_test'
cd /home/stepanvar/Documents/clean_prog/CPP/google_test_test && /usr/bin/cmake -E cmake_depends "Unix Makefiles" /home/stepanvar/Documents/clean_prog/CPP/google_test_test /home/stepanvar/Documents/clean_prog/CPP/google_test_test/test /home/stepanvar/Documents/clean_prog/CPP/google_test_test /home/stepanvar/Documents/clean_prog/CPP/google_test_test/test /home/stepanvar/Documents/clean_prog/CPP/google_test_test/test/CMakeFiles/ExampleTests.dir/DependInfo.cmake --color=
make[2]: Leaving directory '/home/stepanvar/Documents/clean_prog/CPP/google_test_test'
make -s -f test/CMakeFiles/ExampleTests.dir/build.make test/CMakeFiles/ExampleTests.dir/build
make[2]: Entering directory '/home/stepanvar/Documents/clean_prog/CPP/google_test_test'
/usr/bin/cmake -E cmake_echo_color --switch= --green --progress-dir=/home/stepanvar/Documents/clean_prog/CPP/google_test_test/CMakeFiles --progress-num=3 "Building CXX object test/CMakeFiles/ExampleTests.dir/ExampleTests.cpp.o"
cd /home/stepanvar/Documents/clean_prog/CPP/google_test_test/test && /usr/bin/c++  -isystem /home/stepanvar/Documents/clean_prog/CPP/google_test_test/googletest/googletest/include -isystem /home/stepanvar/Documents/clean_prog/CPP/google_test_test/googletest/googletest -std=gnu++14 -MD -MT test/CMakeFiles/ExampleTests.dir/ExampleTests.cpp.o -MF CMakeFiles/ExampleTests.dir/ExampleTests.cpp.o.d -o CMakeFiles/ExampleTests.dir/ExampleTests.cpp.o -c /home/stepanvar/Documents/clean_prog/CPP/google_test_test/test/ExampleTests.cpp
make[2]: Leaving directory '/home/stepanvar/Documents/clean_prog/CPP/google_test_test'
make[1]: Leaving directory '/home/stepanvar/Documents/clean_prog/CPP/google_test_test'
make: Leaving directory '/home/stepanvar/Documents/clean_prog/CPP/google_test_test'
 
make[2]: *** No rule to make target 'lib/libgtest_main.a', needed by 'test/ExampleTests'.
make[2]: *** No rule to make target 'libExample.a', needed by 'test/ExampleTests'.
make[2]: *** No rule to make target 'lib/libgtest.a', needed by 'test/ExampleTests'.
make[1]: *** [CMakeFiles/Makefile2:287: test/CMakeFiles/ExampleTests.dir/all] Error 2
make: *** [Makefile:146: all] Error 2

