<?xml version="1.0" encoding="UTF-8"?>
<Site BuildName="(empty)"
	BuildStamp="20220716-1311-Experimental"
	Name="(empty)"
	Generator="ctest-3.22.1"
	CompilerName=""
	CompilerVersion=""
	OSName="Linux"
	Hostname="step"
	OSRelease="5.15.0-41-generic"
	OSVersion="#44-Ubuntu SMP Wed Jun 22 14:20:53 UTC 2022"
	OSPlatform="x86_64"
	Is64Bits="1"
	VendorString="GenuineIntel"
	VendorID="Intel Corporation"
	FamilyID="6"
	ModelID="58"
	ProcessorCacheSize="3072"
	NumberOfLogicalCPU="4"
	NumberOfPhysicalCPU="2"
	TotalVirtualMemory="2047"
	TotalPhysicalMemory="9840"
	LogicalProcessorsPerPhysical="2"
	ProcessorClockFrequency="800"
	>
	<Testing>
		<StartDateTime>Jul 16 16:11 MSK</StartDateTime>
		<StartTestTime>1657977104</StartTestTime>
		<TestList>
			<Test>./test/ExampleTests</Test>
		</TestList>
		<Test Status="passed">
			<Name>ExampleTests</Name>
			<Path>./test</Path>
			<FullName>./test/ExampleTests</FullName>
			<FullCommandLine>/home/stepanvar/Documents/clean_prog/CPP/google_test_test/build/test/ExampleTests</FullCommandLine>
			<Results>
				<NamedMeasurement type="numeric/double" name="Execution Time">
					<Value>0.00341452</Value>
				</NamedMeasurement>
				<NamedMeasurement type="numeric/double" name="Processors">
					<Value>1</Value>
				</NamedMeasurement>
				<NamedMeasurement type="text/string" name="Completion Status">
					<Value>Completed</Value>
				</NamedMeasurement>
				<NamedMeasurement type="text/string" name="Command Line">
					<Value>/home/stepanvar/Documents/clean_prog/CPP/google_test_test/build/test/ExampleTests</Value>
				</NamedMeasurement>
				<NamedMeasurement type="text/string" name="Environment">
					<Value>#CTEST_RESOURCE_GROUP_COUNT=</Value>
				</NamedMeasurement>
				<Measurement>
					<Value encoding="base64" compression="gzip">eJyNUMFqwzAMvfsrdGwOsdcP6GGsY4fBFlJ2CqF4nuYGbCnYTvf7q+NQlsLG3kE8nh7Sk9qJaCALXg+0qeAzsAd1Yo8qJhw1nXVQezaTR0pRGYeajmNgqx6aRllm6/CYMKa5LMItjcEoO5vyFmmM6HZX9NAuEbaQPSXCwuM0JJSiq6/o4cnxu3alj3QeAlMOBxFTPY035p8zMxMdtG8vMKOfFZmLv+gFr88rHTZ34GP199BigsRJu0r8L21CHeoP/qL1L377AQRNcr3nkri5Pxwe9/mS4pXiG/UTk1w=</Value>
				</Measurement>
			</Results>
		</Test>
		<EndDateTime>Jul 16 16:11 MSK</EndDateTime>
		<EndTestTime>1657977104</EndTestTime>
		<ElapsedMinutes>0</ElapsedMinutes>
	</Testing>
</Site>
